<?xml version="1.0" encoding="UTF-8"?>
<!-- Generated by org.testng.reporters.JUnitReportReporter -->
<testsuite hostname="DESKTOP-1SQJE91" name="testbaidu" tests="1" failures="0" timestamp="14 Mar 2019 00:57:00 GMT" time="12.105" errors="0">
  <testcase name="test" time="12.105" classname="testbaidu"/>
</testsuite> <!-- testbaidu -->
